<?xml version="1.0" encoding="UTF-8"?>
<!-- Generated by org.testng.reporters.JUnitReportReporter -->
<testsuite hostname="DESKTOP-GLLEFG8" failures="0" tests="1" name="tests.TestProfileSettings" time="8.267" errors="0" timestamp="08 Jun 2021 17:44:10 GMT" skipped="0">
  <testcase classname="tests.TestProfileSettings" name="testLogIn" time="8.267"/>
</testsuite> <!-- tests.TestProfileSettings -->
