<?xml version="1.0" encoding="UTF-8"?>
<!-- Generated by org.testng.reporters.JUnitReportReporter -->
<testsuite hostname="DESKTOP-GLLEFG8" failures="0" tests="8" name="tests.TestTopMenu" time="21.953" errors="0" timestamp="08 Jun 2021 18:36:26 GMT" skipped="0">
  <testcase classname="tests.TestTopMenu" name="testMenuShiftPlan" time="7.800"/>
  <testcase classname="tests.TestTopMenu" name="testMenuTimeClock" time="0.100"/>
  <testcase classname="tests.TestTopMenu" name="testMenuLeave" time="0.155"/>
  <testcase classname="tests.TestTopMenu" name="testMenuTraining" time="0.901"/>
  <testcase classname="tests.TestTopMenu" name="testMenuStaff" time="3.234"/>
  <testcase classname="tests.TestTopMenu" name="testMenuAvailability" time="5.605"/>
  <testcase classname="tests.TestTopMenu" name="testMenuPayroll" time="3.028"/>
  <testcase classname="tests.TestTopMenu" name="testMenuReports" time="1.130"/>
</testsuite> <!-- tests.TestTopMenu -->
