<?xml version="1.0" encoding="UTF-8"?>
<!-- Generated by org.testng.reporters.JUnitReportReporter -->
<testsuite hostname="DESKTOP-GLLEFG8" failures="0" tests="1" name="tests.TestChangeName" time="20.271" errors="0" timestamp="07 Jun 2021 17:50:07 GMT" skipped="0">
  <testcase classname="tests.TestChangeName" name="testChangeEmpName" time="20.271"/>
</testsuite> <!-- tests.TestChangeName -->
