<?xml version="1.0" encoding="UTF-8"?>
<!-- Generated by org.testng.reporters.JUnitReportReporter -->
<testsuite hostname="DESKTOP-GLLEFG8" failures="0" tests="1" name="tests.TestAddEmployee" time="15.425" errors="0" timestamp="07 Jun 2021 17:06:08 GMT" skipped="0">
  <testcase classname="tests.TestAddEmployee" name="testAddEmployee" time="15.425"/>
</testsuite> <!-- tests.TestAddEmployee -->
