<?xml version="1.0" encoding="UTF-8"?>
<!-- Generated by org.testng.reporters.JUnitReportReporter -->
<testsuite hostname="DESKTOP-GLLEFG8" failures="0" tests="1" name="tests.TestAboutUs" time="6.394" errors="0" timestamp="07 Jun 2021 11:45:54 GMT" skipped="0">
  <testcase classname="tests.TestAboutUs" name="testAboutUs" time="6.394"/>
</testsuite> <!-- tests.TestAboutUs -->
