<?xml version="1.0" encoding="UTF-8"?>
<!-- Generated by org.testng.reporters.JUnitReportReporter -->
<testsuite hostname="DESKTOP-GLLEFG8" failures="0" tests="1" name="tests.TestSettings" time="11.520" errors="0" timestamp="08 Jun 2021 17:20:46 GMT" skipped="0">
  <testcase classname="tests.TestSettings" name="testSettings" time="11.520"/>
</testsuite> <!-- tests.TestSettings -->
