<?xml version="1.0" encoding="UTF-8"?>
<!-- Generated by org.testng.reporters.JUnitReportReporter -->
<testsuite hostname="DESKTOP-GLLEFG8" failures="0" tests="1" name="tests.TestUploadPicture" time="8.727" errors="0" timestamp="08 Jun 2021 18:04:53 GMT" skipped="0">
  <testcase classname="tests.TestUploadPicture" name="testLogIn" time="8.727"/>
</testsuite> <!-- tests.TestUploadPicture -->
