<?xml version="1.0" encoding="UTF-8"?>
<!-- Generated by org.testng.reporters.JUnitReportReporter -->
<testsuite hostname="DESKTOP-GLLEFG8" failures="0" tests="1" name="tests.TestExcelAddEmployee" time="29.009" errors="0" timestamp="08 Jun 2021 16:23:56 GMT" skipped="0">
  <testcase classname="tests.TestExcelAddEmployee" name="addEmployeesNG" time="29.009"/>
</testsuite> <!-- tests.TestExcelAddEmployee -->
